<?xml version="1.0" encoding="UTF-8"?>
<!-- Generated by org.testng.reporters.JUnitReportReporter -->
<testsuite hostname="Hassans-MBP.lan" failures="0" tests="1" name="TestRunner" time="4.990" errors="0" timestamp="2021-03-14T11:31:58 EDT" skipped="0">
  <testcase classname="TestRunner" name="runScenario" time="4.990"/>
  <system-out/>
</testsuite> <!-- TestRunner -->
